2016/08/30 09:52:35 [error] [exception.CHttpException.404] exception 'CHttpException' with message 'Unable to resolve the request "announcement/index".' in C:\xampp\htdocs\yii\framework\web\CWebApplication.php:286
Stack trace:
#0 C:\xampp\htdocs\yii\framework\web\CWebApplication.php(141): CWebApplication->runController('announcement/in...')
#1 C:\xampp\htdocs\yii\framework\base\CApplication.php(185): CWebApplication->processRequest()
#2 C:\xampp\htdocs\classmanager\index.php(13): CApplication->run()
#3 {main}
REQUEST_URI=/classmanager/index.php?r=announcement/index
HTTP_REFERER=http://localhost/classmanager/index.php?r=site/login
---
2016/08/30 10:08:42 [error] [exception.CHttpException.404] exception 'CHttpException' with message 'Unable to resolve the request "announcement/index".' in C:\xampp\htdocs\yii\framework\web\CWebApplication.php:286
Stack trace:
#0 C:\xampp\htdocs\yii\framework\web\CWebApplication.php(141): CWebApplication->runController('announcement/in...')
#1 C:\xampp\htdocs\yii\framework\base\CApplication.php(185): CWebApplication->processRequest()
#2 C:\xampp\htdocs\classmanager\index.php(13): CApplication->run()
#3 {main}
REQUEST_URI=/classmanager/index.php?r=announcement/index
HTTP_REFERER=http://localhost/classmanager/index.php
---
2016/08/30 11:13:32 [error] [exception.CException] exception 'CException' with message 'Property "LoginForm.remember Me" is not defined.' in C:\xampp\htdocs\yii\framework\base\CComponent.php:130
Stack trace:
#0 C:\xampp\htdocs\yii\framework\web\helpers\CHtml.php(2729): CComponent->__get('remember Me')
#1 C:\xampp\htdocs\yii\framework\web\helpers\CHtml.php(1923): CHtml::resolveValue(Object(LoginForm), 'remember Me')
#2 C:\xampp\htdocs\yii\framework\web\widgets\CActiveForm.php(898): CHtml::activeCheckBox(Object(LoginForm), 'remember Me', Array)
#3 C:\xampp\htdocs\classmanager\protected\views\site\login.php(38): CActiveForm->checkBox(Object(LoginForm), 'remember Me', Array)
#4 C:\xampp\htdocs\yii\framework\web\CBaseController.php(126): require('C:\\xampp\\htdocs...')
#5 C:\xampp\htdocs\yii\framework\web\CBaseController.php(95): CBaseController->renderInternal('C:\\xampp\\htdocs...', Array, true)
#6 C:\xampp\htdocs\yii\framework\web\CController.php(869): CBaseController->renderFile('C:\\xampp\\htdocs...', Array, true)
#7 C:\xampp\htdocs\yii\framework\web\CController.php(782): CController->renderPartial('login', Array, true)
#8 C:\xampp\htdocs\classmanager\protected\controllers\SiteController.php(106): CController->render('login', Array, false, true)
#9 C:\xampp\htdocs\classmanager\protected\controllers\SiteController.php(34): SiteController->actionLogin()
#10 C:\xampp\htdocs\yii\framework\web\actions\CInlineAction.php(49): SiteController->actionIndex()
#11 C:\xampp\htdocs\yii\framework\web\CController.php(308): CInlineAction->runWithParams(Array)
#12 C:\xampp\htdocs\yii\framework\web\CController.php(286): CController->runAction(Object(CInlineAction))
#13 C:\xampp\htdocs\yii\framework\web\CController.php(265): CController->runActionWithFilters(Object(CInlineAction), Array)
#14 C:\xampp\htdocs\yii\framework\web\CWebApplication.php(282): CController->run('')
#15 C:\xampp\htdocs\yii\framework\web\CWebApplication.php(141): CWebApplication->runController('')
#16 C:\xampp\htdocs\yii\framework\base\CApplication.php(185): CWebApplication->processRequest()
#17 C:\xampp\htdocs\classmanager\index.php(13): CApplication->run()
#18 {main}
REQUEST_URI=/classmanager/
HTTP_REFERER=http://localhost/classmanager/
---
2016/08/30 11:43:00 [error] [exception.CHttpException.404] exception 'CHttpException' with message 'Unable to resolve the request "announcement/index".' in C:\xampp\htdocs\yii\framework\web\CWebApplication.php:286
Stack trace:
#0 C:\xampp\htdocs\yii\framework\web\CWebApplication.php(141): CWebApplication->runController('announcement/in...')
#1 C:\xampp\htdocs\yii\framework\base\CApplication.php(185): CWebApplication->processRequest()
#2 C:\xampp\htdocs\classmanager\index.php(13): CApplication->run()
#3 {main}
REQUEST_URI=/classmanager/index.php?r=announcement/index
HTTP_REFERER=http://localhost/classmanager/index.php?r=site/index
---
2016/08/30 11:43:03 [error] [exception.CHttpException.404] exception 'CHttpException' with message 'Unable to resolve the request "announcement/index".' in C:\xampp\htdocs\yii\framework\web\CWebApplication.php:286
Stack trace:
#0 C:\xampp\htdocs\yii\framework\web\CWebApplication.php(141): CWebApplication->runController('announcement/in...')
#1 C:\xampp\htdocs\yii\framework\base\CApplication.php(185): CWebApplication->processRequest()
#2 C:\xampp\htdocs\classmanager\index.php(13): CApplication->run()
#3 {main}
REQUEST_URI=/classmanager/index.php?r=announcement/index
HTTP_REFERER=http://localhost/classmanager/index.php?r=site/index
---
2016/08/30 11:43:23 [error] [exception.CHttpException.404] exception 'CHttpException' with message 'Unable to resolve the request "announcement/index".' in C:\xampp\htdocs\yii\framework\web\CWebApplication.php:286
Stack trace:
#0 C:\xampp\htdocs\yii\framework\web\CWebApplication.php(141): CWebApplication->runController('announcement/in...')
#1 C:\xampp\htdocs\yii\framework\base\CApplication.php(185): CWebApplication->processRequest()
#2 C:\xampp\htdocs\classmanager\index.php(13): CApplication->run()
#3 {main}
REQUEST_URI=/classmanager/index.php?r=announcement/index
HTTP_REFERER=http://localhost/classmanager/index.php?r=site/index
---
2016/08/30 11:44:01 [error] [exception.CHttpException.404] exception 'CHttpException' with message 'Unable to resolve the request "announcement/index".' in C:\xampp\htdocs\yii\framework\web\CWebApplication.php:286
Stack trace:
#0 C:\xampp\htdocs\yii\framework\web\CWebApplication.php(141): CWebApplication->runController('announcement/in...')
#1 C:\xampp\htdocs\yii\framework\base\CApplication.php(185): CWebApplication->processRequest()
#2 C:\xampp\htdocs\classmanager\index.php(13): CApplication->run()
#3 {main}
REQUEST_URI=/classmanager/index.php?r=announcement/index
HTTP_REFERER=http://localhost/classmanager/index.php?r=site/index
---
2016/08/30 11:47:28 [error] [exception.CHttpException.404] exception 'CHttpException' with message 'Unable to resolve the request "announcement/index".' in C:\xampp\htdocs\yii\framework\web\CWebApplication.php:286
Stack trace:
#0 C:\xampp\htdocs\yii\framework\web\CWebApplication.php(141): CWebApplication->runController('announcement/in...')
#1 C:\xampp\htdocs\yii\framework\base\CApplication.php(185): CWebApplication->processRequest()
#2 C:\xampp\htdocs\classmanager\index.php(13): CApplication->run()
#3 {main}
REQUEST_URI=/classmanager/index.php?r=announcement/index
HTTP_REFERER=http://localhost/classmanager/index.php?r=site/index
---
2016/08/30 11:47:29 [error] [exception.CHttpException.404] exception 'CHttpException' with message 'Unable to resolve the request "announcement/index".' in C:\xampp\htdocs\yii\framework\web\CWebApplication.php:286
Stack trace:
#0 C:\xampp\htdocs\yii\framework\web\CWebApplication.php(141): CWebApplication->runController('announcement/in...')
#1 C:\xampp\htdocs\yii\framework\base\CApplication.php(185): CWebApplication->processRequest()
#2 C:\xampp\htdocs\classmanager\index.php(13): CApplication->run()
#3 {main}
REQUEST_URI=/classmanager/index.php?r=announcement/index
HTTP_REFERER=http://localhost/classmanager/index.php?r=announcement/index
---
2016/08/30 11:47:34 [error] [exception.CHttpException.404] exception 'CHttpException' with message 'Unable to resolve the request "maintenance/admins".' in C:\xampp\htdocs\yii\framework\web\CWebApplication.php:286
Stack trace:
#0 C:\xampp\htdocs\yii\framework\web\CWebApplication.php(141): CWebApplication->runController('maintenance/adm...')
#1 C:\xampp\htdocs\yii\framework\base\CApplication.php(185): CWebApplication->processRequest()
#2 C:\xampp\htdocs\classmanager\index.php(13): CApplication->run()
#3 {main}
REQUEST_URI=/classmanager/index.php?r=maintenance/admins
HTTP_REFERER=http://localhost/classmanager/index.php?r=announcement/index
---
2016/08/30 11:47:35 [error] [exception.CHttpException.404] exception 'CHttpException' with message 'Unable to resolve the request "maintenance/admins".' in C:\xampp\htdocs\yii\framework\web\CWebApplication.php:286
Stack trace:
#0 C:\xampp\htdocs\yii\framework\web\CWebApplication.php(141): CWebApplication->runController('maintenance/adm...')
#1 C:\xampp\htdocs\yii\framework\base\CApplication.php(185): CWebApplication->processRequest()
#2 C:\xampp\htdocs\classmanager\index.php(13): CApplication->run()
#3 {main}
REQUEST_URI=/classmanager/index.php?r=maintenance/admins
HTTP_REFERER=http://localhost/classmanager/index.php?r=maintenance/admins
---
2016/08/30 11:47:36 [error] [exception.CHttpException.404] exception 'CHttpException' with message 'Unable to resolve the request "maintenance/student".' in C:\xampp\htdocs\yii\framework\web\CWebApplication.php:286
Stack trace:
#0 C:\xampp\htdocs\yii\framework\web\CWebApplication.php(141): CWebApplication->runController('maintenance/stu...')
#1 C:\xampp\htdocs\yii\framework\base\CApplication.php(185): CWebApplication->processRequest()
#2 C:\xampp\htdocs\classmanager\index.php(13): CApplication->run()
#3 {main}
REQUEST_URI=/classmanager/index.php?r=maintenance/student
HTTP_REFERER=http://localhost/classmanager/index.php?r=maintenance/admins
---
2016/08/30 11:47:36 [error] [exception.CHttpException.404] exception 'CHttpException' with message 'Unable to resolve the request "announcement/index".' in C:\xampp\htdocs\yii\framework\web\CWebApplication.php:286
Stack trace:
#0 C:\xampp\htdocs\yii\framework\web\CWebApplication.php(141): CWebApplication->runController('announcement/in...')
#1 C:\xampp\htdocs\yii\framework\base\CApplication.php(185): CWebApplication->processRequest()
#2 C:\xampp\htdocs\classmanager\index.php(13): CApplication->run()
#3 {main}
REQUEST_URI=/classmanager/index.php?r=announcement/index
HTTP_REFERER=http://localhost/classmanager/index.php?r=maintenance/student
---
2016/08/30 11:47:46 [error] [exception.CHttpException.404] exception 'CHttpException' with message 'Unable to resolve the request "announcement/index".' in C:\xampp\htdocs\yii\framework\web\CWebApplication.php:286
Stack trace:
#0 C:\xampp\htdocs\yii\framework\web\CWebApplication.php(141): CWebApplication->runController('announcement/in...')
#1 C:\xampp\htdocs\yii\framework\base\CApplication.php(185): CWebApplication->processRequest()
#2 C:\xampp\htdocs\classmanager\index.php(13): CApplication->run()
#3 {main}
REQUEST_URI=/classmanager/index.php?r=announcement/index
HTTP_REFERER=http://localhost/classmanager/index.php?r=maintenance/student
---
2016/08/30 11:47:54 [error] [exception.CHttpException.404] exception 'CHttpException' with message 'Unable to resolve the request "announcement/index".' in C:\xampp\htdocs\yii\framework\web\CWebApplication.php:286
Stack trace:
#0 C:\xampp\htdocs\yii\framework\web\CWebApplication.php(141): CWebApplication->runController('announcement/in...')
#1 C:\xampp\htdocs\yii\framework\base\CApplication.php(185): CWebApplication->processRequest()
#2 C:\xampp\htdocs\classmanager\index.php(13): CApplication->run()
#3 {main}
REQUEST_URI=/classmanager/index.php?r=announcement/index
HTTP_REFERER=http://localhost/classmanager/index.php?r=maintenance/student
---
